\BOOKMARK [1][-]{Doc-Start}{\376\377\000\040\000\040\000R\000E\000S\000U\000M\000E\000N}{}% 1
\BOOKMARK [1][-]{Doc-Start}{\376\377\000\040\000\040\000A\000B\000S\000T\000R\000A\000C\000T}{}% 2
\BOOKMARK [1][-]{section.1}{\376\377\000I\000\040\000I\000N\000T\000R\000O\000D\000U\000C\000C\000I\000\323\000N}{}% 3
\BOOKMARK [1][-]{section.2}{\376\377\000I\000I\000\040\000P\000L\000A\000N\000T\000E\000A\000M\000I\000E\000N\000T\000O\000\040\000D\000E\000L\000\040\000P\000R\000O\000B\000L\000E\000M\000A}{}% 4
\BOOKMARK [2][-]{subsection.2.1}{\376\377\000A\000\040\000E\000s\000t\000a\000d\000o\000\040\000d\000e\000l\000\040\000A\000r\000t\000e}{section.2}% 5
\BOOKMARK [1][-]{section.3}{\376\377\000I\000I\000I\000\040\000J\000U\000S\000T\000I\000F\000I\000C\000A\000C\000I\000\323\000N}{}% 6
\BOOKMARK [1][-]{section.4}{\376\377\000I\000V\000\040\000O\000B\000J\000E\000T\000I\000V\000O\000S}{}% 7
\BOOKMARK [2][-]{subsection.4.1}{\376\377\000A\000\040\000O\000b\000j\000e\000t\000i\000v\000o\000\040\000g\000e\000n\000e\000r\000a\000l}{section.4}% 8
\BOOKMARK [2][-]{subsection.4.2}{\376\377\000B\000\040\000O\000b\000j\000e\000t\000i\000v\000o\000s\000\040\000e\000s\000p\000e\000c\000\355\000f\000i\000c\000o\000s}{section.4}% 9
\BOOKMARK [1][-]{section.5}{\376\377\000V\000\040\000M\000A\000R\000C\000O\000\040\000T\000E\000\323\000R\000I\000C\000O}{}% 10
\BOOKMARK [2][-]{subsection.5.1}{\376\377\000A\000\040\000C\000u\000b\000e\000S\000a\000t\000\040\000y\000\040\000E\000y\000a\000s\000S\000a\000t}{section.5}% 11
\BOOKMARK [2][-]{subsection.5.2}{\376\377\000B\000\040\000S\000i\000s\000t\000e\000m\000a\000\040\000d\000e\000\040\000d\000e\000t\000e\000r\000m\000i\000n\000a\000c\000i\000\363\000n\000\040\000y\000\040\000c\000o\000n\000t\000r\000o\000l\000\040\000d\000e\000\040\000a\000c\000t\000i\000t\000u\000d\000\040\000\050\000A\000D\000C\000S\000\051}{section.5}% 12
\BOOKMARK [3][-]{subsubsection.5.2.1}{\376\377\0001\000\040\000R\000u\000e\000d\000a\000s\000\040\000d\000e\000\040\000r\000e\000a\000c\000c\000i\000\363\000n}{subsection.5.2}% 13
\BOOKMARK [3][-]{subsubsection.5.2.2}{\376\377\0002\000\040\000M\000a\000g\000n\000e\000t\000o\000r\000q\000u\000e\000r\000s}{subsection.5.2}% 14
\BOOKMARK [2][-]{subsection.5.3}{\376\377\000C\000\040\000F\000u\000n\000d\000a\000m\000e\000n\000t\000o\000s\000\040\000d\000e\000\040\000d\000i\000n\000\341\000m\000i\000c\000a\000\040\000d\000e\000\040\000s\000a\000t\000\351\000l\000i\000t\000e\000s}{section.5}% 15
\BOOKMARK [3][-]{subsubsection.5.3.1}{\376\377\0001\000\040\000M\000a\000r\000c\000o\000s\000\040\000d\000e\000\040\000r\000e\000f\000e\000r\000e\000n\000c\000i\000a}{subsection.5.3}% 16
\BOOKMARK [3][-]{subsubsection.5.3.2}{\376\377\0002\000\040\000M\000a\000r\000c\000o\000\040\000d\000e\000\040\000R\000e\000f\000e\000r\000e\000n\000c\000i\000a\000\040\000O\000r\000b\000i\000t\000a\000l\000\040\000\050\000O\000R\000F\000\051}{subsection.5.3}% 17
\BOOKMARK [3][-]{subsubsection.5.3.3}{\376\377\0003\000\040\000M\000a\000r\000c\000o\000\040\000d\000e\000\040\000R\000e\000f\000e\000r\000e\000n\000c\000i\000a\000\040\000c\000e\000n\000t\000r\000a\000d\000o\000\040\000e\000n\000\040\000e\000l\000\040\000c\000u\000e\000r\000p\000o\000\040\000\050\000B\000R\000F\000\051}{subsection.5.3}% 18
\BOOKMARK [3][-]{subsubsection.5.3.4}{\376\377\0004\000\040\000M\000a\000r\000c\000o\000\040\000d\000e\000\040\000R\000e\000f\000e\000r\000e\000n\000c\000i\000a\000\040\000c\000e\000n\000t\000r\000a\000d\000o\000\040\000e\000n\000\040\000l\000a\000\040\000t\000i\000e\000r\000r\000a\000\040\000\050\000E\000C\000I\000\051}{subsection.5.3}% 19
\BOOKMARK [2][-]{subsection.5.4}{\376\377\000D\000\040\000T\000e\000o\000r\000\355\000a\000\040\000d\000e\000\040\000C\000o\000n\000t\000r\000o\000l}{section.5}% 20
\BOOKMARK [3][-]{subsubsection.5.4.1}{\376\377\0001\000\040\000M\000o\000d\000e\000l\000o\000\040\000d\000i\000n\000\341\000m\000i\000c\000o}{subsection.5.4}% 21
\BOOKMARK [2][-]{subsection.5.5}{\376\377\000E\000\040\000A\000m\000b\000i\000e\000n\000t\000e\000\040\000e\000s\000p\000a\000c\000i\000a\000l\000\040\000e\000n\000\040\000L\000E\000O}{section.5}% 22
\BOOKMARK [1][-]{section.6}{\376\377\000V\000I\000\040\000M\000E\000T\000O\000D\000O\000L\000O\000G\000\315\000A}{}% 23
\BOOKMARK [2][-]{subsection.6.1}{\376\377\000A\000\040\000M\000o\000d\000e\000l\000o\000\040\000d\000i\000n\000\341\000m\000i\000c\000o}{section.6}% 24
\BOOKMARK [2][-]{subsection.6.2}{\376\377\000B\000\040\000D\000i\000s\000e\000\361\000o\000\040\000d\000e\000\040\000e\000s\000t\000r\000a\000t\000e\000g\000i\000a\000\040\000d\000e\000\040\000c\000o\000n\000t\000r\000o\000l}{section.6}% 25
\BOOKMARK [2][-]{subsection.6.3}{\376\377\000C\000\040\000A\000n\000\341\000l\000i\000s\000i\000s\000\040\000d\000e\000\040\000\363\000r\000b\000i\000t\000a\000s}{section.6}% 26
\BOOKMARK [1][-]{section.7}{\376\377\000V\000I\000I\000\040\000D\000E\000S\000A\000R\000R\000O\000L\000L\000O}{}% 27
\BOOKMARK [2][-]{subsection.7.1}{\376\377\000A\000\040\000M\000O\000D\000E\000L\000O\000\040\000D\000I\000N\000\301\000M\000I\000C\000O}{section.7}% 28
\BOOKMARK [3][-]{subsubsection.7.1.1}{\376\377\0001\000\040\000P\000R\000O\000P\000I\000E\000D\000A\000D\000E\000S\000\040\000I\000N\000E\000R\000C\000I\000A\000L\000E\000S}{subsection.7.1}% 29
\BOOKMARK [3][-]{subsubsection.7.1.2}{\376\377\0002\000\040\000M\000O\000D\000E\000L\000A\000D\000O\000\040\000D\000E\000\040\000P\000E\000R\000T\000U\000R\000B\000A\000C\000I\000O\000N\000E\000S}{subsection.7.1}% 30
\BOOKMARK [3][-]{subsubsection.7.1.3}{\376\377\0003\000\040\000M\000O\000D\000E\000L\000O\000\040\000R\000U\000E\000D\000A\000S\000\040\000D\000E\000\040\000R\000E\000A\000C\000C\000I\000\323\000N}{subsection.7.1}% 31
\BOOKMARK [3][-]{subsubsection.7.1.4}{\376\377\0004\000\040\000M\000O\000D\000E\000L\000O\000\040\000M\000A\000G\000N\000E\000T\000O\000R\000Q\000U\000E\000R\000S}{subsection.7.1}% 32
\BOOKMARK [2][-]{subsection.7.2}{\376\377\000B\000\040\000D\000I\000S\000E\000\321\000O\000\040\000C\000O\000N\000T\000R\000O\000L\000A\000D\000O\000R\000E\000S}{section.7}% 33
\BOOKMARK [3][-]{subsubsection.7.2.1}{\376\377\0001\000\040\000L\000I\000N\000E\000A\000L\000I\000Z\000A\000C\000I\000\323\000N\000\040\000Y\000\040\000E\000S\000P\000A\000C\000I\000O\000\040\000D\000E\000\040\000E\000S\000T\000A\000D\000O\000S}{subsection.7.2}% 34
\BOOKMARK [3][-]{subsubsection.7.2.2}{\376\377\0002\000\040\000L\000Q\000R}{subsection.7.2}% 35
\BOOKMARK [3][-]{subsubsection.7.2.3}{\376\377\0003\000\040\000P\000I\000D}{subsection.7.2}% 36
\BOOKMARK [3][-]{subsubsection.7.2.4}{\376\377\0004\000\040\000\315\000N\000D\000I\000C\000E\000S\000\040\000D\000E\000\040\000D\000E\000S\000E\000M\000P\000E\000\321\000O}{subsection.7.2}% 37
\BOOKMARK [1][-]{section.8}{\376\377\000V\000I\000I\000I\000\040\000R\000E\000S\000U\000L\000T\000A\000D\000O\000S}{}% 38
\BOOKMARK [2][-]{subsubsection.8.0.1}{\376\377\0001\000\040\000P\000e\000r\000f\000i\000l\000\040\000d\000e\000\040\000m\000i\000s\000i\000\363\000n\000\040\0001}{section.8}% 39
\BOOKMARK [3][-]{subsubsection.8.0.2}{\376\377\0002\000\040\000P\000e\000r\000f\000i\000l\000\040\000d\000e\000\040\000m\000i\000s\000i\000\363\000n\000\040\0002}{subsubsection.8.0.1}% 40
\BOOKMARK [3][-]{subsubsection.8.0.3}{\376\377\0003\000\040\000P\000e\000r\000f\000i\000l\000\040\000d\000e\000\040\000m\000i\000s\000i\000\363\000n\000\040\0003}{subsubsection.8.0.1}% 41
\BOOKMARK [1][-]{section.9}{\376\377\000I\000X\000\040\000D\000I\000S\000C\000U\000S\000I\000\323\000N}{}% 42
\BOOKMARK [1][-]{section.10}{\376\377\000X\000\040\000C\000O\000N\000C\000L\000U\000S\000I\000O\000N\000E\000S}{}% 43
\BOOKMARK [1][-]{section.11}{\376\377\000X\000I\000\040\000R\000E\000C\000O\000M\000E\000N\000D\000A\000C\000I\000O\000N\000E\000S}{}% 44
\BOOKMARK [1][-]{section.11}{\376\377\000X\000I\000\040\000\040\000R\000E\000F\000E\000R\000E\000N\000C\000I\000A\000S}{}% 45
\BOOKMARK [1][-]{bib1.1}{\376\377\000R\000E\000F\000E\000R\000E\000N\000C\000I\000A\000S}{}% 46
\BOOKMARK [2][-]{section.11}{\376\377\000\040\000\040\000A\000n\000e\000x\000o\000\040\000A\000.\000\040\000A\000u\000t\000o\000a\000r\000c\000h\000i\000v\000o\000\040\000e\000n\000\040\000R\000e\000p\000o\000s\000i\000t\000o\000r\000i\000o\000\040\000y\000\040\000d\000o\000c\000u\000m\000e\000n\000t\000o\000s\000\040\000d\000e\000\040\000i\000n\000t\000e\000r\000\351\000s}{bib1.1}% 47
\BOOKMARK [2][-]{section.11}{\376\377\000\040\000\040\000A\000n\000e\000x\000o\000\040\000B\000.\000\040\000R\000e\000c\000o\000r\000t\000a\000r\000\040\000y\000\040\000a\000b\000r\000e\000v\000i\000a\000r\000\040\000d\000i\000r\000e\000c\000c\000i\000o\000n\000e\000s\000\040\000w\000e\000b\000\040\000l\000a\000r\000g\000a\000s}{bib1.1}% 48
\BOOKMARK [2][-]{section.11}{\376\377\000\040\000\040\000A\000n\000e\000x\000o\000\040\000C\000.\000\040\000I\000n\000c\000l\000u\000i\000r\000\040\000i\000m\000\341\000g\000e\000n\000e\000s}{bib1.1}% 49
